<?xml version="1.0" encoding="UTF-8"?>
<!-- Generated by org.testng.reporters.JUnitXMLReporter -->
<testsuite ignored="0" hostname="LAPTOP-B0S2D05O" failures="0" tests="3" name="Default test" time="16.449" errors="0" timestamp="2025-08-08T23:25:33 IST">
  <testcase classname="tests.JavaScriptAlertsTest" name="testJsAlertText" time="0.09"/>
  <testcase classname="tests.JavaScriptAlertsTest" name="testJsAlertConfirm" time="0.096"/>
  <testcase classname="tests.JavaScriptAlertsTest" name="testJsAlertPrompt" time="0.092"/>
</testsuite> <!-- Default test -->
