<?xml version="1.0" encoding="UTF-8"?>
<!-- Generated by org.testng.reporters.JUnitXMLReporter -->
<testsuite ignored="0" hostname="LAPTOP-B0S2D05O" failures="0" tests="5" name="AutomationDemoSite" time="41.982" errors="0" timestamp="2025-08-09T17:13:25 IST">
  <testcase classname="tests.FormAuthenticationTest" name="validateLogin" time="4.682"/>
  <testcase classname="tests.JavaScriptAlertsTest" name="testJsAlertText" time="3.639"/>
  <testcase classname="tests.JavaScriptAlertsTest" name="testJsAlertConfirm" time="1.02"/>
  <testcase classname="tests.JavaScriptAlertsTest" name="testJsAlertPrompt" time="1.024"/>
  <testcase classname="tests.DynamicLoadingEx1Test" name="handleEx1" time="12.503"/>
</testsuite> <!-- AutomationDemoSite -->
