<?xml version="1.0" encoding="UTF-8"?>
<testng-results ignored="0" total="1" passed="1" failed="0" skipped="0">
  <reporter-output>
  </reporter-output>
  <suite started-at="2025-08-06T18:17:09 IST" name="Default suite" finished-at="2025-08-06T18:17:16 IST" duration-ms="6863">
    <groups>
    </groups>
    <test started-at="2025-08-06T18:17:09 IST" name="Default test" finished-at="2025-08-06T18:17:16 IST" duration-ms="6863">
      <class name="tests.FormAuthenticationTest">
        <test-method is-config="true" signature="setUp()[pri:0, instance:tests.FormAuthenticationTest@48f2bd5b]" started-at="2025-08-06T18:17:09 IST" name="setUp" finished-at="2025-08-06T18:17:14 IST" duration-ms="5148" status="PASS">
          <reporter-output>
          </reporter-output>
        </test-method> <!-- setUp -->
        <test-method signature="validateLogin()[pri:0, instance:tests.FormAuthenticationTest@48f2bd5b]" started-at="2025-08-06T18:17:14 IST" name="validateLogin" finished-at="2025-08-06T18:17:16 IST" duration-ms="1683" status="PASS">
          <reporter-output>
          </reporter-output>
        </test-method> <!-- validateLogin -->
      </class> <!-- tests.FormAuthenticationTest -->
    </test> <!-- Default test -->
  </suite> <!-- Default suite -->
</testng-results>
