<?xml version="1.0" encoding="UTF-8"?>
<testng-results ignored="0" total="6" passed="5" failed="1" skipped="0">
  <reporter-output>
  </reporter-output>
  <suite started-at="2025-08-10T17:48:50 IST" name="Suite" finished-at="2025-08-10T17:49:39 IST" duration-ms="48959">
    <groups>
    </groups>
    <test started-at="2025-08-10T17:48:50 IST" name="AutomationDemoSite" finished-at="2025-08-10T17:49:39 IST" duration-ms="48959">
      <class name="tests.JavaScriptAlertsTest">
        <test-method is-config="true" signature="setUp()[pri:0, instance:tests.JavaScriptAlertsTest@1573f9fc]" started-at="2025-08-10T17:49:00 IST" name="setUp" finished-at="2025-08-10T17:49:05 IST" duration-ms="5064" status="PASS">
          <reporter-output>
          </reporter-output>
        </test-method> <!-- setUp -->
        <test-method signature="testJsAlertText()[pri:1, instance:tests.JavaScriptAlertsTest@1573f9fc]" started-at="2025-08-10T17:49:05 IST" name="testJsAlertText" finished-at="2025-08-10T17:49:06 IST" duration-ms="705" status="PASS">
          <reporter-output>
          </reporter-output>
        </test-method> <!-- testJsAlertText -->
        <test-method is-config="true" signature="closeDown()[pri:0, instance:tests.JavaScriptAlertsTest@1573f9fc]" started-at="2025-08-10T17:49:06 IST" name="closeDown" finished-at="2025-08-10T17:49:06 IST" duration-ms="0" status="PASS">
          <reporter-output>
          </reporter-output>
        </test-method> <!-- closeDown -->
        <test-method is-config="true" signature="setUp()[pri:0, instance:tests.JavaScriptAlertsTest@1573f9fc]" started-at="2025-08-10T17:49:06 IST" name="setUp" finished-at="2025-08-10T17:49:11 IST" duration-ms="5498" status="PASS">
          <reporter-output>
          </reporter-output>
        </test-method> <!-- setUp -->
        <test-method signature="testJsAlertConfirm()[pri:2, instance:tests.JavaScriptAlertsTest@1573f9fc]" started-at="2025-08-10T17:49:11 IST" name="testJsAlertConfirm" finished-at="2025-08-10T17:49:12 IST" duration-ms="693" status="PASS">
          <reporter-output>
          </reporter-output>
        </test-method> <!-- testJsAlertConfirm -->
        <test-method is-config="true" signature="closeDown()[pri:0, instance:tests.JavaScriptAlertsTest@1573f9fc]" started-at="2025-08-10T17:49:12 IST" name="closeDown" finished-at="2025-08-10T17:49:12 IST" duration-ms="9" status="PASS">
          <reporter-output>
          </reporter-output>
        </test-method> <!-- closeDown -->
        <test-method is-config="true" signature="setUp()[pri:0, instance:tests.JavaScriptAlertsTest@1573f9fc]" started-at="2025-08-10T17:49:12 IST" name="setUp" finished-at="2025-08-10T17:49:18 IST" duration-ms="5740" status="PASS">
          <reporter-output>
          </reporter-output>
        </test-method> <!-- setUp -->
        <test-method signature="testJsAlertPrompt()[pri:3, instance:tests.JavaScriptAlertsTest@1573f9fc]" started-at="2025-08-10T17:49:18 IST" name="testJsAlertPrompt" finished-at="2025-08-10T17:49:19 IST" duration-ms="734" status="PASS">
          <reporter-output>
          </reporter-output>
        </test-method> <!-- testJsAlertPrompt -->
        <test-method is-config="true" signature="closeDown()[pri:0, instance:tests.JavaScriptAlertsTest@1573f9fc]" started-at="2025-08-10T17:49:19 IST" name="closeDown" finished-at="2025-08-10T17:49:19 IST" duration-ms="16" status="PASS">
          <reporter-output>
          </reporter-output>
        </test-method> <!-- closeDown -->
      </class> <!-- tests.JavaScriptAlertsTest -->
      <class name="tests.FormAuthenticationTest">
        <test-method is-config="true" signature="setUp()[pri:0, instance:tests.FormAuthenticationTest@76505305]" started-at="2025-08-10T17:48:50 IST" name="setUp" finished-at="2025-08-10T17:48:58 IST" duration-ms="7566" status="PASS">
          <reporter-output>
          </reporter-output>
        </test-method> <!-- setUp -->
        <test-method signature="validateLogin()[pri:0, instance:tests.FormAuthenticationTest@76505305]" started-at="2025-08-10T17:48:58 IST" name="validateLogin" finished-at="2025-08-10T17:49:00 IST" duration-ms="2038" status="FAIL">
          <exception class="org.openqa.selenium.NoSuchElementException">
            <message>
              <![CDATA[no such element: Unable to locate element: {"method":"xpath","selector":"//div[@id='flash']"}
  (Session info: chrome=138.0.7204.184)
For documentation on this error, please visit: https://www.selenium.dev/documentation/webdriver/troubleshooting/errors#no-such-element-exception
Build info: version: '4.34.0', revision: '707dcb4246*'
System info: os.name: 'Windows 11', os.arch: 'amd64', os.version: '10.0', java.version: '21.0.7'
Driver info: org.openqa.selenium.chrome.ChromeDriver
Command: [9a78f1cb51da3d50a317a36e5159c500, findElement {value=//div[@id='flash'], using=xpath}]
Capabilities {acceptInsecureCerts: false, browserName: chrome, browserVersion: 138.0.7204.184, chrome: {chromedriverVersion: 138.0.7204.183 (e90faf484dd..., userDataDir: C:\Users\DILKIF~1\AppData\L...}, fedcm:accounts: true, goog:chromeOptions: {debuggerAddress: localhost:51328}, networkConnectionEnabled: false, pageLoadStrategy: normal, platformName: windows, proxy: Proxy(), se:cdp: ws://localhost:51328/devtoo..., se:cdpVersion: 138.0.7204.184, setWindowRect: true, strictFileInteractability: false, timeouts: {implicit: 0, pageLoad: 300000, script: 30000}, unhandledPromptBehavior: dismiss and notify, webauthn:extension:credBlob: true, webauthn:extension:largeBlob: true, webauthn:extension:minPinLength: true, webauthn:extension:prf: true, webauthn:virtualAuthenticators: true}
Session ID: 9a78f1cb51da3d50a317a36e5159c500]]>
            </message>
            <full-stacktrace>
              <![CDATA[org.openqa.selenium.NoSuchElementException: no such element: Unable to locate element: {"method":"xpath","selector":"//div[@id='flash']"}
  (Session info: chrome=138.0.7204.184)
For documentation on this error, please visit: https://www.selenium.dev/documentation/webdriver/troubleshooting/errors#no-such-element-exception
Build info: version: '4.34.0', revision: '707dcb4246*'
System info: os.name: 'Windows 11', os.arch: 'amd64', os.version: '10.0', java.version: '21.0.7'
Driver info: org.openqa.selenium.chrome.ChromeDriver
Command: [9a78f1cb51da3d50a317a36e5159c500, findElement {value=//div[@id='flash'], using=xpath}]
Capabilities {acceptInsecureCerts: false, browserName: chrome, browserVersion: 138.0.7204.184, chrome: {chromedriverVersion: 138.0.7204.183 (e90faf484dd..., userDataDir: C:\Users\DILKIF~1\AppData\L...}, fedcm:accounts: true, goog:chromeOptions: {debuggerAddress: localhost:51328}, networkConnectionEnabled: false, pageLoadStrategy: normal, platformName: windows, proxy: Proxy(), se:cdp: ws://localhost:51328/devtoo..., se:cdpVersion: 138.0.7204.184, setWindowRect: true, strictFileInteractability: false, timeouts: {implicit: 0, pageLoad: 300000, script: 30000}, unhandledPromptBehavior: dismiss and notify, webauthn:extension:credBlob: true, webauthn:extension:largeBlob: true, webauthn:extension:minPinLength: true, webauthn:extension:prf: true, webauthn:virtualAuthenticators: true}
Session ID: 9a78f1cb51da3d50a317a36e5159c500
at java.base/jdk.internal.reflect.DirectConstructorHandleAccessor.newInstance(DirectConstructorHandleAccessor.java:62)
at java.base/java.lang.reflect.Constructor.newInstanceWithCaller(Constructor.java:502)
at java.base/java.lang.reflect.Constructor.newInstance(Constructor.java:486)
at org.openqa.selenium.remote.ErrorCodec.decode(ErrorCodec.java:167)
at org.openqa.selenium.remote.codec.w3c.W3CHttpResponseCodec.decode(W3CHttpResponseCodec.java:138)
at org.openqa.selenium.remote.codec.w3c.W3CHttpResponseCodec.decode(W3CHttpResponseCodec.java:50)
at org.openqa.selenium.remote.HttpCommandExecutor.execute(HttpCommandExecutor.java:215)
at org.openqa.selenium.remote.service.DriverCommandExecutor.invokeExecute(DriverCommandExecutor.java:216)
at org.openqa.selenium.remote.service.DriverCommandExecutor.execute(DriverCommandExecutor.java:174)
at org.openqa.selenium.remote.RemoteWebDriver.execute(RemoteWebDriver.java:544)
at org.openqa.selenium.remote.ElementLocation$ElementFinder$2.findElement(ElementLocation.java:165)
at org.openqa.selenium.remote.ElementLocation.findElement(ElementLocation.java:59)
at org.openqa.selenium.remote.RemoteWebDriver.findElement(RemoteWebDriver.java:367)
at org.openqa.selenium.remote.RemoteWebDriver.findElement(RemoteWebDriver.java:361)
at pages.SecureAreaPage.getSuccessMsg(SecureAreaPage.java:17)
at tests.FormAuthenticationTest.validateLogin(FormAuthenticationTest.java:15)
at java.base/jdk.internal.reflect.DirectMethodHandleAccessor.invoke(DirectMethodHandleAccessor.java:103)
at java.base/java.lang.reflect.Method.invoke(Method.java:580)
at org.testng.internal.invokers.MethodInvocationHelper.invokeMethod(MethodInvocationHelper.java:141)
at org.testng.internal.invokers.TestInvoker.invokeMethod(TestInvoker.java:687)
at org.testng.internal.invokers.TestInvoker.invokeTestMethod(TestInvoker.java:230)
at org.testng.internal.invokers.MethodRunner.runInSequence(MethodRunner.java:63)
at org.testng.internal.invokers.TestInvoker$MethodInvocationAgent.invoke(TestInvoker.java:995)
at org.testng.internal.invokers.TestInvoker.invokeTestMethods(TestInvoker.java:203)
at org.testng.internal.invokers.TestMethodWorker.invokeTestMethods(TestMethodWorker.java:154)
at org.testng.internal.invokers.TestMethodWorker.run(TestMethodWorker.java:134)
at java.base/java.util.ArrayList.forEach(ArrayList.java:1596)
at org.testng.TestRunner.privateRun(TestRunner.java:741)
at org.testng.TestRunner.run(TestRunner.java:616)
at org.testng.SuiteRunner.runTest(SuiteRunner.java:421)
at org.testng.SuiteRunner.runSequentially(SuiteRunner.java:413)
at org.testng.SuiteRunner.privateRun(SuiteRunner.java:373)
at org.testng.SuiteRunner.run(SuiteRunner.java:312)
at org.testng.SuiteRunnerWorker.runSuite(SuiteRunnerWorker.java:52)
at org.testng.SuiteRunnerWorker.run(SuiteRunnerWorker.java:95)
at org.testng.TestNG.runSuitesSequentially(TestNG.java:1274)
at org.testng.TestNG.runSuitesLocally(TestNG.java:1208)
at org.testng.TestNG.runSuites(TestNG.java:1112)
at org.testng.TestNG.run(TestNG.java:1079)
at org.testng.remote.AbstractRemoteTestNG.run(AbstractRemoteTestNG.java:115)
at org.testng.remote.RemoteTestNG.initAndRun(RemoteTestNG.java:293)
at org.testng.remote.RemoteTestNG.main(RemoteTestNG.java:91)
]]>
            </full-stacktrace>
          </exception> <!-- org.openqa.selenium.NoSuchElementException -->
          <reporter-output>
          </reporter-output>
        </test-method> <!-- validateLogin -->
        <test-method is-config="true" signature="closeDown()[pri:0, instance:tests.FormAuthenticationTest@76505305]" started-at="2025-08-10T17:49:00 IST" name="closeDown" finished-at="2025-08-10T17:49:00 IST" duration-ms="5" status="PASS">
          <reporter-output>
          </reporter-output>
        </test-method> <!-- closeDown -->
      </class> <!-- tests.FormAuthenticationTest -->
      <class name="tests.HoversTest">
        <test-method is-config="true" signature="setUp()[pri:0, instance:tests.HoversTest@44c03695]" started-at="2025-08-10T17:49:34 IST" name="setUp" finished-at="2025-08-10T17:49:38 IST" duration-ms="4655" status="PASS">
          <reporter-output>
          </reporter-output>
        </test-method> <!-- setUp -->
        <test-method signature="hoverOver()[pri:0, instance:tests.HoversTest@44c03695]" started-at="2025-08-10T17:49:38 IST" name="hoverOver" finished-at="2025-08-10T17:49:39 IST" duration-ms="921" status="PASS">
          <reporter-output>
          </reporter-output>
        </test-method> <!-- hoverOver -->
        <test-method is-config="true" signature="closeDown()[pri:0, instance:tests.HoversTest@44c03695]" started-at="2025-08-10T17:49:39 IST" name="closeDown" finished-at="2025-08-10T17:49:39 IST" duration-ms="2" status="PASS">
          <reporter-output>
          </reporter-output>
        </test-method> <!-- closeDown -->
      </class> <!-- tests.HoversTest -->
      <class name="tests.DynamicLoadingEx1Test">
        <test-method is-config="true" signature="setUp()[pri:0, instance:tests.DynamicLoadingEx1Test@6150c3ec]" started-at="2025-08-10T17:49:19 IST" name="setUp" finished-at="2025-08-10T17:49:21 IST" duration-ms="2150" status="PASS">
          <reporter-output>
          </reporter-output>
        </test-method> <!-- setUp -->
        <test-method signature="handleEx1()[pri:0, instance:tests.DynamicLoadingEx1Test@6150c3ec]" started-at="2025-08-10T17:49:21 IST" name="handleEx1" finished-at="2025-08-10T17:49:34 IST" duration-ms="12844" status="PASS">
          <reporter-output>
          </reporter-output>
        </test-method> <!-- handleEx1 -->
        <test-method is-config="true" signature="closeDown()[pri:0, instance:tests.DynamicLoadingEx1Test@6150c3ec]" started-at="2025-08-10T17:49:34 IST" name="closeDown" finished-at="2025-08-10T17:49:34 IST" duration-ms="0" status="PASS">
          <reporter-output>
          </reporter-output>
        </test-method> <!-- closeDown -->
      </class> <!-- tests.DynamicLoadingEx1Test -->
    </test> <!-- AutomationDemoSite -->
  </suite> <!-- Suite -->
</testng-results>
